[ 2014-11-11T10:17:03+08:00 ] 127.0.0.1 /cmf/index.php/Admin/public/dologin
INFO: [ app_begin ] --START--
INFO: Run Behavior\ReadHtmlCacheBehavior [ RunTime:0.000000s ]
INFO: Run Behavior\CheckLangBehavior [ RunTime:0.002000s ]
INFO: [ app_begin ] --END-- [ RunTime:0.003000s ]
NOTIC: [8] Undefined index: data D:\phpStudy\WWW\cmf\application\Common\Action\AppframeAction.class.php 第 63 行.

[ 2014-11-11T10:17:10+08:00 ] 127.0.0.1 /cmf/index.php/Admin/public/dologin
INFO: [ app_begin ] --START--
INFO: Run Behavior\ReadHtmlCacheBehavior [ RunTime:0.001000s ]
INFO: Run Behavior\CheckLangBehavior [ RunTime:0.001000s ]
INFO: [ app_begin ] --END-- [ RunTime:0.002000s ]
SQL: SHOW COLUMNS FROM `sp_users` [ RunTime:0.004000s ]
SQL: SELECT * FROM `sp_users` WHERE ( `user_login` = 'admin' ) LIMIT 1   [ RunTime:0.001000s ]
NOTIC: [8] Undefined index: data D:\phpStudy\WWW\cmf\application\Common\Action\AppframeAction.class.php 第 63 行.

[ 2014-11-11T10:17:14+08:00 ] 127.0.0.1 /cmf/index.php/Admin/public/dologin
INFO: [ app_begin ] --START--
INFO: Run Behavior\ReadHtmlCacheBehavior [ RunTime:0.001000s ]
INFO: Run Behavior\CheckLangBehavior [ RunTime:0.002000s ]
INFO: [ app_begin ] --END-- [ RunTime:0.003000s ]
SQL: SHOW COLUMNS FROM `sp_users` [ RunTime:0.004001s ]
SQL: SELECT * FROM `sp_users` WHERE ( `user_login` = 'admin' ) LIMIT 1   [ RunTime:0.001000s ]
SQL: UPDATE `sp_users` SET `user_login`='admin',`user_pass`='c535018ee94621232f297a57a5a743894a0e4a801fc389af',`user_nicename`='admin',`user_email`='admin@qq.com',`user_url`='',`avatar`=null,`sex`=0,`birthday`=null,`signature`=null,`last_login_ip`='127.0.0.1',`last_login_time`='2014-11-11 10:17:14',`create_time`='2014-11-06 04:59:25',`user_activation_key`='',`user_status`=1,`role_id`=1,`score`=0,`user_type`=1 WHERE ( `id` = '1' ) [ RunTime:0.000000s ]
NOTIC: [8] Undefined index: data D:\phpStudy\WWW\cmf\application\Common\Action\AppframeAction.class.php 第 63 行.

[ 2014-11-11T10:17:27+08:00 ] 127.0.0.1 /cmf/portal/article/index/id/Js/html5.js
ERR: 模板不存在:tpl/bs/Portal/404.html

