[ 2015-07-04T01:24:42+08:00 ] ::1 /senmiao/index.php/user/index/is_login
INFO: [ app_begin ] --START--
INFO: Run Behavior\ReadHtmlCacheBehavior [ RunTime:0.000655s ]
INFO: Run Behavior\CheckLangBehavior [ RunTime:0.000969s ]
INFO: [ app_begin ] --END-- [ RunTime:0.002058s ]
NOTIC: [8] Undefined index: url C:\wamp\www\senmiao\application\Common\Controller\AppframeController.class.php 第 43 行.

[ 2015-07-04T01:24:42+08:00 ] ::1 /senmiao/index.php/user/index/is_login
INFO: [ app_begin ] --START--
INFO: Run Behavior\ReadHtmlCacheBehavior [ RunTime:0.000582s ]
INFO: Run Behavior\CheckLangBehavior [ RunTime:0.001004s ]
INFO: [ app_begin ] --END-- [ RunTime:0.002058s ]
NOTIC: [8] Undefined index: url C:\wamp\www\senmiao\application\Common\Controller\AppframeController.class.php 第 43 行.

[ 2015-07-04T01:24:44+08:00 ] ::1 /senmiao/index.php/user/index/is_login
INFO: [ app_begin ] --START--
INFO: Run Behavior\ReadHtmlCacheBehavior [ RunTime:0.000571s ]
INFO: Run Behavior\CheckLangBehavior [ RunTime:0.001057s ]
INFO: [ app_begin ] --END-- [ RunTime:0.002066s ]
NOTIC: [8] Undefined index: url C:\wamp\www\senmiao\application\Common\Controller\AppframeController.class.php 第 43 行.

[ 2015-07-04T01:24:45+08:00 ] ::1 /senmiao/index.php/user/index/is_login
INFO: [ app_begin ] --START--
INFO: Run Behavior\ReadHtmlCacheBehavior [ RunTime:0.000540s ]
INFO: Run Behavior\CheckLangBehavior [ RunTime:0.001053s ]
INFO: [ app_begin ] --END-- [ RunTime:0.002040s ]
NOTIC: [8] Undefined index: url C:\wamp\www\senmiao\application\Common\Controller\AppframeController.class.php 第 43 行.

[ 2015-07-04T01:24:46+08:00 ] ::1 /senmiao/index.php/user/index/is_login
INFO: [ app_begin ] --START--
INFO: Run Behavior\ReadHtmlCacheBehavior [ RunTime:0.000603s ]
INFO: Run Behavior\CheckLangBehavior [ RunTime:0.001013s ]
INFO: [ app_begin ] --END-- [ RunTime:0.002037s ]
NOTIC: [8] Undefined index: url C:\wamp\www\senmiao\application\Common\Controller\AppframeController.class.php 第 43 行.

[ 2015-07-04T01:24:48+08:00 ] ::1 /senmiao/index.php/user/index/is_login
INFO: [ app_begin ] --START--
INFO: Run Behavior\ReadHtmlCacheBehavior [ RunTime:0.000657s ]
INFO: Run Behavior\CheckLangBehavior [ RunTime:0.000999s ]
INFO: [ app_begin ] --END-- [ RunTime:0.002038s ]
NOTIC: [8] Undefined index: url C:\wamp\www\senmiao\application\Common\Controller\AppframeController.class.php 第 43 行.

[ 2015-07-04T01:24:49+08:00 ] ::1 /senmiao/index.php/user/index/is_login
INFO: [ app_begin ] --START--
INFO: Run Behavior\ReadHtmlCacheBehavior [ RunTime:0.000533s ]
INFO: Run Behavior\CheckLangBehavior [ RunTime:0.001118s ]
INFO: [ app_begin ] --END-- [ RunTime:0.002031s ]
NOTIC: [8] Undefined index: url C:\wamp\www\senmiao\application\Common\Controller\AppframeController.class.php 第 43 行.

[ 2015-07-04T01:25:14+08:00 ] ::1 /senmiao/index.php/user/index/is_login
INFO: [ app_begin ] --START--
INFO: Run Behavior\ReadHtmlCacheBehavior [ RunTime:0.000540s ]
INFO: Run Behavior\CheckLangBehavior [ RunTime:0.000942s ]
INFO: [ app_begin ] --END-- [ RunTime:0.001928s ]
NOTIC: [8] Undefined index: url C:\wamp\www\senmiao\application\Common\Controller\AppframeController.class.php 第 43 行.

[ 2015-07-04T01:25:20+08:00 ] ::1 /senmiao/index.php/user/index/is_login
INFO: [ app_begin ] --START--
INFO: Run Behavior\ReadHtmlCacheBehavior [ RunTime:0.000614s ]
INFO: Run Behavior\CheckLangBehavior [ RunTime:0.000939s ]
INFO: [ app_begin ] --END-- [ RunTime:0.001963s ]
NOTIC: [8] Undefined index: url C:\wamp\www\senmiao\application\Common\Controller\AppframeController.class.php 第 43 行.

[ 2015-07-04T01:25:50+08:00 ] ::1 /senmiao/index.php/user/index/is_login
INFO: [ app_begin ] --START--
INFO: Run Behavior\ReadHtmlCacheBehavior [ RunTime:0.000470s ]
INFO: Run Behavior\CheckLangBehavior [ RunTime:0.000846s ]
INFO: [ app_begin ] --END-- [ RunTime:0.001670s ]
NOTIC: [8] Undefined index: url C:\wamp\www\senmiao\application\Common\Controller\AppframeController.class.php 第 43 行.

[ 2015-07-04T01:26:12+08:00 ] ::1 /senmiao/index.php/user/index/is_login
INFO: [ app_begin ] --START--
INFO: Run Behavior\ReadHtmlCacheBehavior [ RunTime:0.000455s ]
INFO: Run Behavior\CheckLangBehavior [ RunTime:0.000825s ]
INFO: [ app_begin ] --END-- [ RunTime:0.001613s ]
NOTIC: [8] Undefined index: url C:\wamp\www\senmiao\application\Common\Controller\AppframeController.class.php 第 43 行.

[ 2015-07-04T01:26:40+08:00 ] ::1 /senmiao/index.php/user/index/is_login
INFO: [ app_begin ] --START--
INFO: Run Behavior\ReadHtmlCacheBehavior [ RunTime:0.000468s ]
INFO: Run Behavior\CheckLangBehavior [ RunTime:0.000810s ]
INFO: [ app_begin ] --END-- [ RunTime:0.001692s ]
NOTIC: [8] Undefined index: url C:\wamp\www\senmiao\application\Common\Controller\AppframeController.class.php 第 43 行.

[ 2015-07-04T01:26:56+08:00 ] ::1 /senmiao/index.php/user/index/is_login
INFO: [ app_begin ] --START--
INFO: Run Behavior\ReadHtmlCacheBehavior [ RunTime:0.000552s ]
INFO: Run Behavior\CheckLangBehavior [ RunTime:0.000987s ]
INFO: [ app_begin ] --END-- [ RunTime:0.002016s ]
NOTIC: [8] Undefined index: url C:\wamp\www\senmiao\application\Common\Controller\AppframeController.class.php 第 43 行.

[ 2015-07-04T01:27:36+08:00 ] ::1 /senmiao/index.php/user/index/is_login
INFO: [ app_begin ] --START--
INFO: Run Behavior\ReadHtmlCacheBehavior [ RunTime:0.000531s ]
INFO: Run Behavior\CheckLangBehavior [ RunTime:0.000978s ]
INFO: [ app_begin ] --END-- [ RunTime:0.001845s ]
NOTIC: [8] Undefined index: url C:\wamp\www\senmiao\application\Common\Controller\AppframeController.class.php 第 43 行.

[ 2015-07-04T01:28:14+08:00 ] ::1 /senmiao/index.php/user/index/is_login
INFO: [ app_begin ] --START--
INFO: Run Behavior\ReadHtmlCacheBehavior [ RunTime:0.000684s ]
INFO: Run Behavior\CheckLangBehavior [ RunTime:0.001203s ]
INFO: [ app_begin ] --END-- [ RunTime:0.002415s ]
NOTIC: [8] Undefined index: url C:\wamp\www\senmiao\application\Common\Controller\AppframeController.class.php 第 43 行.

[ 2015-07-04T01:28:28+08:00 ] ::1 /senmiao/index.php/user/index/is_login
INFO: [ app_begin ] --START--
INFO: Run Behavior\ReadHtmlCacheBehavior [ RunTime:0.000558s ]
INFO: Run Behavior\CheckLangBehavior [ RunTime:0.000862s ]
INFO: [ app_begin ] --END-- [ RunTime:0.001783s ]
NOTIC: [8] Undefined index: url C:\wamp\www\senmiao\application\Common\Controller\AppframeController.class.php 第 43 行.

[ 2015-07-04T01:28:38+08:00 ] ::1 /senmiao/index.php/user/index/is_login
INFO: [ app_begin ] --START--
INFO: Run Behavior\ReadHtmlCacheBehavior [ RunTime:0.000501s ]
INFO: Run Behavior\CheckLangBehavior [ RunTime:0.000820s ]
INFO: [ app_begin ] --END-- [ RunTime:0.001714s ]
NOTIC: [8] Undefined index: url C:\wamp\www\senmiao\application\Common\Controller\AppframeController.class.php 第 43 行.

[ 2015-07-04T01:28:51+08:00 ] ::1 /senmiao/index.php/user/index/is_login
INFO: [ app_begin ] --START--
INFO: Run Behavior\ReadHtmlCacheBehavior [ RunTime:0.000651s ]
INFO: Run Behavior\CheckLangBehavior [ RunTime:0.000944s ]
INFO: [ app_begin ] --END-- [ RunTime:0.002234s ]
NOTIC: [8] Undefined index: url C:\wamp\www\senmiao\application\Common\Controller\AppframeController.class.php 第 43 行.

[ 2015-07-04T01:29:14+08:00 ] ::1 /senmiao/index.php/user/index/is_login
INFO: [ app_begin ] --START--
INFO: Run Behavior\ReadHtmlCacheBehavior [ RunTime:0.000392s ]
INFO: Run Behavior\CheckLangBehavior [ RunTime:0.000825s ]
INFO: [ app_begin ] --END-- [ RunTime:0.001666s ]
NOTIC: [8] Undefined index: url C:\wamp\www\senmiao\application\Common\Controller\AppframeController.class.php 第 43 行.

[ 2015-07-04T01:29:50+08:00 ] ::1 /senmiao/index.php/user/index/is_login
INFO: [ app_begin ] --START--
INFO: Run Behavior\ReadHtmlCacheBehavior [ RunTime:0.000641s ]
INFO: Run Behavior\CheckLangBehavior [ RunTime:0.000980s ]
INFO: [ app_begin ] --END-- [ RunTime:0.002318s ]
NOTIC: [8] Undefined index: url C:\wamp\www\senmiao\application\Common\Controller\AppframeController.class.php 第 43 行.

[ 2015-07-04T01:30:08+08:00 ] ::1 /senmiao/index.php/user/index/is_login
INFO: [ app_begin ] --START--
INFO: Run Behavior\ReadHtmlCacheBehavior [ RunTime:0.000451s ]
INFO: Run Behavior\CheckLangBehavior [ RunTime:0.000757s ]
INFO: [ app_begin ] --END-- [ RunTime:0.001591s ]
NOTIC: [8] Undefined index: url C:\wamp\www\senmiao\application\Common\Controller\AppframeController.class.php 第 43 行.

[ 2015-07-04T01:30:16+08:00 ] ::1 /senmiao/index.php/user/index/is_login
INFO: [ app_begin ] --START--
INFO: Run Behavior\ReadHtmlCacheBehavior [ RunTime:0.000426s ]
INFO: Run Behavior\CheckLangBehavior [ RunTime:0.000873s ]
INFO: [ app_begin ] --END-- [ RunTime:0.001701s ]
NOTIC: [8] Undefined index: url C:\wamp\www\senmiao\application\Common\Controller\AppframeController.class.php 第 43 行.

[ 2015-07-04T01:30:24+08:00 ] ::1 /senmiao/index.php/user/index/is_login
INFO: [ app_begin ] --START--
INFO: Run Behavior\ReadHtmlCacheBehavior [ RunTime:0.000541s ]
INFO: Run Behavior\CheckLangBehavior [ RunTime:0.001016s ]
INFO: [ app_begin ] --END-- [ RunTime:0.001990s ]
NOTIC: [8] Undefined index: url C:\wamp\www\senmiao\application\Common\Controller\AppframeController.class.php 第 43 行.

[ 2015-07-04T01:30:32+08:00 ] ::1 /senmiao/index.php/user/index/is_login
INFO: [ app_begin ] --START--
INFO: Run Behavior\ReadHtmlCacheBehavior [ RunTime:0.000572s ]
INFO: Run Behavior\CheckLangBehavior [ RunTime:0.000930s ]
INFO: [ app_begin ] --END-- [ RunTime:0.001926s ]
NOTIC: [8] Undefined index: url C:\wamp\www\senmiao\application\Common\Controller\AppframeController.class.php 第 43 行.

[ 2015-07-04T01:30:47+08:00 ] ::1 /senmiao/index.php/user/index/is_login
INFO: [ app_begin ] --START--
INFO: Run Behavior\ReadHtmlCacheBehavior [ RunTime:0.000675s ]
INFO: Run Behavior\CheckLangBehavior [ RunTime:0.001127s ]
INFO: [ app_begin ] --END-- [ RunTime:0.002293s ]
NOTIC: [8] Undefined index: url C:\wamp\www\senmiao\application\Common\Controller\AppframeController.class.php 第 43 行.

[ 2015-07-04T01:30:58+08:00 ] ::1 /senmiao/index.php/user/index/is_login
INFO: [ app_begin ] --START--
INFO: Run Behavior\ReadHtmlCacheBehavior [ RunTime:0.000495s ]
INFO: Run Behavior\CheckLangBehavior [ RunTime:0.000867s ]
INFO: [ app_begin ] --END-- [ RunTime:0.001769s ]
NOTIC: [8] Undefined index: url C:\wamp\www\senmiao\application\Common\Controller\AppframeController.class.php 第 43 行.

[ 2015-07-04T01:31:16+08:00 ] ::1 /senmiao/index.php/user/index/is_login
INFO: [ app_begin ] --START--
INFO: Run Behavior\ReadHtmlCacheBehavior [ RunTime:0.000515s ]
INFO: Run Behavior\CheckLangBehavior [ RunTime:0.000831s ]
INFO: [ app_begin ] --END-- [ RunTime:0.001742s ]
NOTIC: [8] Undefined index: url C:\wamp\www\senmiao\application\Common\Controller\AppframeController.class.php 第 43 行.

[ 2015-07-04T01:36:59+08:00 ] ::1 /senmiao/index.php/user/index/is_login
INFO: [ app_begin ] --START--
INFO: Run Behavior\ReadHtmlCacheBehavior [ RunTime:0.000500s ]
INFO: Run Behavior\CheckLangBehavior [ RunTime:0.000953s ]
INFO: [ app_begin ] --END-- [ RunTime:0.001856s ]
NOTIC: [8] Undefined index: url C:\wamp\www\senmiao\application\Common\Controller\AppframeController.class.php 第 43 行.

[ 2015-07-04T01:37:11+08:00 ] ::1 /senmiao/index.php/user/index/is_login
INFO: [ app_begin ] --START--
INFO: Run Behavior\ReadHtmlCacheBehavior [ RunTime:0.000574s ]
INFO: Run Behavior\CheckLangBehavior [ RunTime:0.000918s ]
INFO: [ app_begin ] --END-- [ RunTime:0.001903s ]
NOTIC: [8] Undefined index: url C:\wamp\www\senmiao\application\Common\Controller\AppframeController.class.php 第 43 行.

[ 2015-07-04T01:37:57+08:00 ] ::1 /senmiao/index.php/user/index/is_login
INFO: [ app_begin ] --START--
INFO: Run Behavior\ReadHtmlCacheBehavior [ RunTime:0.000641s ]
INFO: Run Behavior\CheckLangBehavior [ RunTime:0.000973s ]
INFO: [ app_begin ] --END-- [ RunTime:0.002071s ]
NOTIC: [8] Undefined index: url C:\wamp\www\senmiao\application\Common\Controller\AppframeController.class.php 第 43 行.

[ 2015-07-04T01:38:22+08:00 ] ::1 /senmiao/index.php/user/index/is_login
INFO: [ app_begin ] --START--
INFO: Run Behavior\ReadHtmlCacheBehavior [ RunTime:0.000645s ]
INFO: Run Behavior\CheckLangBehavior [ RunTime:0.000929s ]
INFO: [ app_begin ] --END-- [ RunTime:0.002457s ]
NOTIC: [8] Undefined index: url C:\wamp\www\senmiao\application\Common\Controller\AppframeController.class.php 第 43 行.

[ 2015-07-04T01:39:33+08:00 ] ::1 /senmiao/index.php/user/index/is_login
INFO: [ app_begin ] --START--
INFO: Run Behavior\ReadHtmlCacheBehavior [ RunTime:0.000547s ]
INFO: Run Behavior\CheckLangBehavior [ RunTime:0.000892s ]
INFO: [ app_begin ] --END-- [ RunTime:0.001807s ]
NOTIC: [8] Undefined index: url C:\wamp\www\senmiao\application\Common\Controller\AppframeController.class.php 第 43 行.

[ 2015-07-04T01:40:31+08:00 ] ::1 /senmiao/index.php/user/index/is_login
INFO: [ app_begin ] --START--
INFO: Run Behavior\ReadHtmlCacheBehavior [ RunTime:0.000939s ]
INFO: Run Behavior\CheckLangBehavior [ RunTime:0.001072s ]
INFO: [ app_begin ] --END-- [ RunTime:0.002419s ]
NOTIC: [8] Undefined index: url C:\wamp\www\senmiao\application\Common\Controller\AppframeController.class.php 第 43 行.

[ 2015-07-04T01:41:46+08:00 ] ::1 /senmiao/index.php/user/index/is_login
INFO: [ app_begin ] --START--
INFO: Run Behavior\ReadHtmlCacheBehavior [ RunTime:0.000539s ]
INFO: Run Behavior\CheckLangBehavior [ RunTime:0.000870s ]
INFO: [ app_begin ] --END-- [ RunTime:0.001781s ]
NOTIC: [8] Undefined index: url C:\wamp\www\senmiao\application\Common\Controller\AppframeController.class.php 第 43 行.

[ 2015-07-04T01:43:01+08:00 ] ::1 /senmiao/index.php/user/index/is_login
INFO: [ app_begin ] --START--
INFO: Run Behavior\ReadHtmlCacheBehavior [ RunTime:0.000544s ]
INFO: Run Behavior\CheckLangBehavior [ RunTime:0.000913s ]
INFO: [ app_begin ] --END-- [ RunTime:0.001914s ]
NOTIC: [8] Undefined index: url C:\wamp\www\senmiao\application\Common\Controller\AppframeController.class.php 第 43 行.

[ 2015-07-04T01:43:16+08:00 ] ::1 /senmiao/index.php/user/index/is_login
INFO: [ app_begin ] --START--
INFO: Run Behavior\ReadHtmlCacheBehavior [ RunTime:0.000437s ]
INFO: Run Behavior\CheckLangBehavior [ RunTime:0.000780s ]
INFO: [ app_begin ] --END-- [ RunTime:0.001595s ]
NOTIC: [8] Undefined index: url C:\wamp\www\senmiao\application\Common\Controller\AppframeController.class.php 第 43 行.

[ 2015-07-04T01:43:54+08:00 ] ::1 /senmiao/index.php/user/index/is_login
INFO: [ app_begin ] --START--
INFO: Run Behavior\ReadHtmlCacheBehavior [ RunTime:0.000546s ]
INFO: Run Behavior\CheckLangBehavior [ RunTime:0.001182s ]
INFO: [ app_begin ] --END-- [ RunTime:0.002171s ]
NOTIC: [8] Undefined index: url C:\wamp\www\senmiao\application\Common\Controller\AppframeController.class.php 第 43 行.

[ 2015-07-04T01:44:20+08:00 ] ::1 /senmiao/index.php/user/index/is_login
INFO: [ app_begin ] --START--
INFO: Run Behavior\ReadHtmlCacheBehavior [ RunTime:0.000506s ]
INFO: Run Behavior\CheckLangBehavior [ RunTime:0.000860s ]
INFO: [ app_begin ] --END-- [ RunTime:0.001803s ]
NOTIC: [8] Undefined index: url C:\wamp\www\senmiao\application\Common\Controller\AppframeController.class.php 第 43 行.

[ 2015-07-04T01:44:34+08:00 ] ::1 /senmiao/index.php/user/index/is_login
INFO: [ app_begin ] --START--
INFO: Run Behavior\ReadHtmlCacheBehavior [ RunTime:0.000522s ]
INFO: Run Behavior\CheckLangBehavior [ RunTime:0.001188s ]
INFO: [ app_begin ] --END-- [ RunTime:0.002063s ]
NOTIC: [8] Undefined index: url C:\wamp\www\senmiao\application\Common\Controller\AppframeController.class.php 第 43 行.

[ 2015-07-04T01:44:37+08:00 ] ::1 /senmiao/index.php/user/index/is_login
INFO: [ app_begin ] --START--
INFO: Run Behavior\ReadHtmlCacheBehavior [ RunTime:0.000568s ]
INFO: Run Behavior\CheckLangBehavior [ RunTime:0.000989s ]
INFO: [ app_begin ] --END-- [ RunTime:0.001986s ]
NOTIC: [8] Undefined index: url C:\wamp\www\senmiao\application\Common\Controller\AppframeController.class.php 第 43 行.

[ 2015-07-04T01:44:50+08:00 ] ::1 /senmiao/index.php/user/index/is_login
INFO: [ app_begin ] --START--
INFO: Run Behavior\ReadHtmlCacheBehavior [ RunTime:0.000574s ]
INFO: Run Behavior\CheckLangBehavior [ RunTime:0.000855s ]
INFO: [ app_begin ] --END-- [ RunTime:0.001824s ]
NOTIC: [8] Undefined index: url C:\wamp\www\senmiao\application\Common\Controller\AppframeController.class.php 第 43 行.

[ 2015-07-04T01:45:03+08:00 ] ::1 /senmiao/index.php/user/index/is_login
INFO: [ app_begin ] --START--
INFO: Run Behavior\ReadHtmlCacheBehavior [ RunTime:0.000641s ]
INFO: Run Behavior\CheckLangBehavior [ RunTime:0.001053s ]
INFO: [ app_begin ] --END-- [ RunTime:0.002187s ]
NOTIC: [8] Undefined index: url C:\wamp\www\senmiao\application\Common\Controller\AppframeController.class.php 第 43 行.

[ 2015-07-04T01:45:51+08:00 ] ::1 /senmiao/index.php/user/index/is_login
INFO: [ app_begin ] --START--
INFO: Run Behavior\ReadHtmlCacheBehavior [ RunTime:0.000663s ]
INFO: Run Behavior\CheckLangBehavior [ RunTime:0.000951s ]
INFO: [ app_begin ] --END-- [ RunTime:0.002063s ]
NOTIC: [8] Undefined index: url C:\wamp\www\senmiao\application\Common\Controller\AppframeController.class.php 第 43 行.

[ 2015-07-04T01:46:38+08:00 ] ::1 /senmiao/index.php/user/index/is_login
INFO: [ app_begin ] --START--
INFO: Run Behavior\ReadHtmlCacheBehavior [ RunTime:0.000502s ]
INFO: Run Behavior\CheckLangBehavior [ RunTime:0.000875s ]
INFO: [ app_begin ] --END-- [ RunTime:0.001747s ]
NOTIC: [8] Undefined index: url C:\wamp\www\senmiao\application\Common\Controller\AppframeController.class.php 第 43 行.

[ 2015-07-04T01:49:27+08:00 ] ::1 /senmiao/index.php/user/index/is_login
INFO: [ app_begin ] --START--
INFO: Run Behavior\ReadHtmlCacheBehavior [ RunTime:0.000526s ]
INFO: Run Behavior\CheckLangBehavior [ RunTime:0.000857s ]
INFO: [ app_begin ] --END-- [ RunTime:0.001802s ]
NOTIC: [8] Undefined index: url C:\wamp\www\senmiao\application\Common\Controller\AppframeController.class.php 第 43 行.

[ 2015-07-04T01:50:12+08:00 ] ::1 /senmiao/index.php/user/index/is_login
INFO: [ app_begin ] --START--
INFO: Run Behavior\ReadHtmlCacheBehavior [ RunTime:0.000494s ]
INFO: Run Behavior\CheckLangBehavior [ RunTime:0.000848s ]
INFO: [ app_begin ] --END-- [ RunTime:0.001794s ]
NOTIC: [8] Undefined index: url C:\wamp\www\senmiao\application\Common\Controller\AppframeController.class.php 第 43 行.

[ 2015-07-04T01:50:48+08:00 ] ::1 /senmiao/index.php/user/index/is_login
INFO: [ app_begin ] --START--
INFO: Run Behavior\ReadHtmlCacheBehavior [ RunTime:0.000371s ]
INFO: Run Behavior\CheckLangBehavior [ RunTime:0.000730s ]
INFO: [ app_begin ] --END-- [ RunTime:0.001500s ]
NOTIC: [8] Undefined index: url C:\wamp\www\senmiao\application\Common\Controller\AppframeController.class.php 第 43 行.

[ 2015-07-04T01:51:01+08:00 ] ::1 /senmiao/index.php/user/index/is_login
INFO: [ app_begin ] --START--
INFO: Run Behavior\ReadHtmlCacheBehavior [ RunTime:0.000494s ]
INFO: Run Behavior\CheckLangBehavior [ RunTime:0.000798s ]
INFO: [ app_begin ] --END-- [ RunTime:0.001675s ]
NOTIC: [8] Undefined index: url C:\wamp\www\senmiao\application\Common\Controller\AppframeController.class.php 第 43 行.

[ 2015-07-04T01:51:26+08:00 ] ::1 /senmiao/index.php/user/index/is_login
INFO: [ app_begin ] --START--
INFO: Run Behavior\ReadHtmlCacheBehavior [ RunTime:0.000521s ]
INFO: Run Behavior\CheckLangBehavior [ RunTime:0.000753s ]
INFO: [ app_begin ] --END-- [ RunTime:0.001761s ]
NOTIC: [8] Undefined index: url C:\wamp\www\senmiao\application\Common\Controller\AppframeController.class.php 第 43 行.

[ 2015-07-04T01:51:33+08:00 ] ::1 /senmiao/index.php/user/index/is_login
INFO: [ app_begin ] --START--
INFO: Run Behavior\ReadHtmlCacheBehavior [ RunTime:0.000380s ]
INFO: Run Behavior\CheckLangBehavior [ RunTime:0.000667s ]
INFO: [ app_begin ] --END-- [ RunTime:0.001462s ]
NOTIC: [8] Undefined index: url C:\wamp\www\senmiao\application\Common\Controller\AppframeController.class.php 第 43 行.

[ 2015-07-04T01:54:25+08:00 ] ::1 /senmiao/index.php/user/index/is_login
INFO: [ app_begin ] --START--
INFO: Run Behavior\ReadHtmlCacheBehavior [ RunTime:0.000548s ]
INFO: Run Behavior\CheckLangBehavior [ RunTime:0.000915s ]
INFO: [ app_begin ] --END-- [ RunTime:0.001796s ]
NOTIC: [8] Undefined index: url C:\wamp\www\senmiao\application\Common\Controller\AppframeController.class.php 第 43 行.

[ 2015-07-04T01:55:47+08:00 ] ::1 /senmiao/index.php/user/index/is_login
INFO: [ app_begin ] --START--
INFO: Run Behavior\ReadHtmlCacheBehavior [ RunTime:0.000530s ]
INFO: Run Behavior\CheckLangBehavior [ RunTime:0.000922s ]
INFO: [ app_begin ] --END-- [ RunTime:0.001836s ]
NOTIC: [8] Undefined index: url C:\wamp\www\senmiao\application\Common\Controller\AppframeController.class.php 第 43 行.

[ 2015-07-04T01:55:53+08:00 ] ::1 /senmiao/index.php/user/index/is_login
INFO: [ app_begin ] --START--
INFO: Run Behavior\ReadHtmlCacheBehavior [ RunTime:0.000562s ]
INFO: Run Behavior\CheckLangBehavior [ RunTime:0.000923s ]
INFO: [ app_begin ] --END-- [ RunTime:0.001895s ]
NOTIC: [8] Undefined index: url C:\wamp\www\senmiao\application\Common\Controller\AppframeController.class.php 第 43 行.

[ 2015-07-04T01:55:58+08:00 ] ::1 /senmiao/index.php/user/index/is_login
INFO: [ app_begin ] --START--
INFO: Run Behavior\ReadHtmlCacheBehavior [ RunTime:0.000618s ]
INFO: Run Behavior\CheckLangBehavior [ RunTime:0.000978s ]
INFO: [ app_begin ] --END-- [ RunTime:0.002054s ]
NOTIC: [8] Undefined index: url C:\wamp\www\senmiao\application\Common\Controller\AppframeController.class.php 第 43 行.

[ 2015-07-04T01:56:14+08:00 ] ::1 /senmiao/index.php/user/index/is_login
INFO: [ app_begin ] --START--
INFO: Run Behavior\ReadHtmlCacheBehavior [ RunTime:0.000513s ]
INFO: Run Behavior\CheckLangBehavior [ RunTime:0.000854s ]
INFO: [ app_begin ] --END-- [ RunTime:0.001738s ]
NOTIC: [8] Undefined index: url C:\wamp\www\senmiao\application\Common\Controller\AppframeController.class.php 第 43 行.

[ 2015-07-04T01:56:32+08:00 ] ::1 /senmiao/index.php/user/index/is_login
INFO: [ app_begin ] --START--
INFO: Run Behavior\ReadHtmlCacheBehavior [ RunTime:0.000557s ]
INFO: Run Behavior\CheckLangBehavior [ RunTime:0.001048s ]
INFO: [ app_begin ] --END-- [ RunTime:0.002021s ]
NOTIC: [8] Undefined index: url C:\wamp\www\senmiao\application\Common\Controller\AppframeController.class.php 第 43 行.

[ 2015-07-04T01:56:47+08:00 ] ::1 /senmiao/index.php/user/index/is_login
INFO: [ app_begin ] --START--
INFO: Run Behavior\ReadHtmlCacheBehavior [ RunTime:0.000685s ]
INFO: Run Behavior\CheckLangBehavior [ RunTime:0.000922s ]
INFO: [ app_begin ] --END-- [ RunTime:0.001972s ]
NOTIC: [8] Undefined index: url C:\wamp\www\senmiao\application\Common\Controller\AppframeController.class.php 第 43 行.

[ 2015-07-04T01:56:56+08:00 ] ::1 /senmiao/index.php/user/index/is_login
INFO: [ app_begin ] --START--
INFO: Run Behavior\ReadHtmlCacheBehavior [ RunTime:0.000469s ]
INFO: Run Behavior\CheckLangBehavior [ RunTime:0.000813s ]
INFO: [ app_begin ] --END-- [ RunTime:0.001664s ]
NOTIC: [8] Undefined index: url C:\wamp\www\senmiao\application\Common\Controller\AppframeController.class.php 第 43 行.

[ 2015-07-04T01:57:45+08:00 ] ::1 /senmiao/index.php/user/index/is_login
INFO: [ app_begin ] --START--
INFO: Run Behavior\ReadHtmlCacheBehavior [ RunTime:0.000503s ]
INFO: Run Behavior\CheckLangBehavior [ RunTime:0.000728s ]
INFO: [ app_begin ] --END-- [ RunTime:0.001634s ]
NOTIC: [8] Undefined index: url C:\wamp\www\senmiao\application\Common\Controller\AppframeController.class.php 第 43 行.

[ 2015-07-04T01:58:35+08:00 ] ::1 /senmiao/index.php/user/index/is_login
INFO: [ app_begin ] --START--
INFO: Run Behavior\ReadHtmlCacheBehavior [ RunTime:0.000546s ]
INFO: Run Behavior\CheckLangBehavior [ RunTime:0.001003s ]
INFO: [ app_begin ] --END-- [ RunTime:0.001971s ]
NOTIC: [8] Undefined index: url C:\wamp\www\senmiao\application\Common\Controller\AppframeController.class.php 第 43 行.

[ 2015-07-04T01:58:43+08:00 ] ::1 /senmiao/index.php/user/index/is_login
INFO: [ app_begin ] --START--
INFO: Run Behavior\ReadHtmlCacheBehavior [ RunTime:0.000531s ]
INFO: Run Behavior\CheckLangBehavior [ RunTime:0.000936s ]
INFO: [ app_begin ] --END-- [ RunTime:0.001930s ]
NOTIC: [8] Undefined index: url C:\wamp\www\senmiao\application\Common\Controller\AppframeController.class.php 第 43 行.

[ 2015-07-04T02:00:07+08:00 ] ::1 /senmiao/index.php/user/index/is_login
INFO: [ app_begin ] --START--
INFO: Run Behavior\ReadHtmlCacheBehavior [ RunTime:0.000501s ]
INFO: Run Behavior\CheckLangBehavior [ RunTime:0.000822s ]
INFO: [ app_begin ] --END-- [ RunTime:0.001730s ]
NOTIC: [8] Undefined index: url C:\wamp\www\senmiao\application\Common\Controller\AppframeController.class.php 第 43 行.

[ 2015-07-04T02:00:09+08:00 ] ::1 /senmiao/index.php/user/index/is_login
INFO: [ app_begin ] --START--
INFO: Run Behavior\ReadHtmlCacheBehavior [ RunTime:0.000504s ]
INFO: Run Behavior\CheckLangBehavior [ RunTime:0.000877s ]
INFO: [ app_begin ] --END-- [ RunTime:0.001738s ]
NOTIC: [8] Undefined index: url C:\wamp\www\senmiao\application\Common\Controller\AppframeController.class.php 第 43 行.

[ 2015-07-04T02:00:30+08:00 ] ::1 /senmiao/index.php/user/index/is_login
INFO: [ app_begin ] --START--
INFO: Run Behavior\ReadHtmlCacheBehavior [ RunTime:0.000440s ]
INFO: Run Behavior\CheckLangBehavior [ RunTime:0.000718s ]
INFO: [ app_begin ] --END-- [ RunTime:0.001532s ]
NOTIC: [8] Undefined index: url C:\wamp\www\senmiao\application\Common\Controller\AppframeController.class.php 第 43 行.

[ 2015-07-04T02:01:05+08:00 ] ::1 /senmiao/index.php/user/index/is_login
INFO: [ app_begin ] --START--
INFO: Run Behavior\ReadHtmlCacheBehavior [ RunTime:0.000482s ]
INFO: Run Behavior\CheckLangBehavior [ RunTime:0.000826s ]
INFO: [ app_begin ] --END-- [ RunTime:0.001690s ]
NOTIC: [8] Undefined index: url C:\wamp\www\senmiao\application\Common\Controller\AppframeController.class.php 第 43 行.

[ 2015-07-04T02:01:25+08:00 ] ::1 /senmiao/index.php/user/index/is_login
INFO: [ app_begin ] --START--
INFO: Run Behavior\ReadHtmlCacheBehavior [ RunTime:0.000528s ]
INFO: Run Behavior\CheckLangBehavior [ RunTime:0.000845s ]
INFO: [ app_begin ] --END-- [ RunTime:0.001725s ]
NOTIC: [8] Undefined index: url C:\wamp\www\senmiao\application\Common\Controller\AppframeController.class.php 第 43 行.

[ 2015-07-04T02:01:41+08:00 ] ::1 /senmiao/index.php/user/index/is_login
INFO: [ app_begin ] --START--
INFO: Run Behavior\ReadHtmlCacheBehavior [ RunTime:0.000591s ]
INFO: Run Behavior\CheckLangBehavior [ RunTime:0.001133s ]
INFO: [ app_begin ] --END-- [ RunTime:0.002259s ]
NOTIC: [8] Undefined index: url C:\wamp\www\senmiao\application\Common\Controller\AppframeController.class.php 第 43 行.

[ 2015-07-04T02:01:48+08:00 ] ::1 /senmiao/index.php/user/index/is_login
INFO: [ app_begin ] --START--
INFO: Run Behavior\ReadHtmlCacheBehavior [ RunTime:0.000373s ]
INFO: Run Behavior\CheckLangBehavior [ RunTime:0.000601s ]
INFO: [ app_begin ] --END-- [ RunTime:0.001331s ]
NOTIC: [8] Undefined index: url C:\wamp\www\senmiao\application\Common\Controller\AppframeController.class.php 第 43 行.

[ 2015-07-04T02:02:01+08:00 ] ::1 /senmiao/index.php/user/index/is_login
INFO: [ app_begin ] --START--
INFO: Run Behavior\ReadHtmlCacheBehavior [ RunTime:0.000566s ]
INFO: Run Behavior\CheckLangBehavior [ RunTime:0.001112s ]
INFO: [ app_begin ] --END-- [ RunTime:0.002117s ]
NOTIC: [8] Undefined index: url C:\wamp\www\senmiao\application\Common\Controller\AppframeController.class.php 第 43 行.

[ 2015-07-04T02:02:22+08:00 ] ::1 /senmiao/index.php/user/index/is_login
INFO: [ app_begin ] --START--
INFO: Run Behavior\ReadHtmlCacheBehavior [ RunTime:0.000501s ]
INFO: Run Behavior\CheckLangBehavior [ RunTime:0.000835s ]
INFO: [ app_begin ] --END-- [ RunTime:0.001769s ]
NOTIC: [8] Undefined index: url C:\wamp\www\senmiao\application\Common\Controller\AppframeController.class.php 第 43 行.

[ 2015-07-04T02:03:12+08:00 ] ::1 /senmiao/index.php/user/index/is_login
INFO: [ app_begin ] --START--
INFO: Run Behavior\ReadHtmlCacheBehavior [ RunTime:0.000677s ]
INFO: Run Behavior\CheckLangBehavior [ RunTime:0.000914s ]
INFO: [ app_begin ] --END-- [ RunTime:0.001942s ]
NOTIC: [8] Undefined index: url C:\wamp\www\senmiao\application\Common\Controller\AppframeController.class.php 第 43 行.

[ 2015-07-04T02:03:31+08:00 ] ::1 /senmiao/index.php/user/index/is_login
INFO: [ app_begin ] --START--
INFO: Run Behavior\ReadHtmlCacheBehavior [ RunTime:0.000513s ]
INFO: Run Behavior\CheckLangBehavior [ RunTime:0.000898s ]
INFO: [ app_begin ] --END-- [ RunTime:0.001780s ]
NOTIC: [8] Undefined index: url C:\wamp\www\senmiao\application\Common\Controller\AppframeController.class.php 第 43 行.

[ 2015-07-04T02:03:45+08:00 ] ::1 /senmiao/index.php/user/index/is_login
INFO: [ app_begin ] --START--
INFO: Run Behavior\ReadHtmlCacheBehavior [ RunTime:0.000669s ]
INFO: Run Behavior\CheckLangBehavior [ RunTime:0.001623s ]
INFO: [ app_begin ] --END-- [ RunTime:0.002853s ]
NOTIC: [8] Undefined index: url C:\wamp\www\senmiao\application\Common\Controller\AppframeController.class.php 第 43 行.

[ 2015-07-04T02:03:46+08:00 ] ::1 /senmiao/index.php/user/index/is_login
INFO: [ app_begin ] --START--
INFO: Run Behavior\ReadHtmlCacheBehavior [ RunTime:0.000479s ]
INFO: Run Behavior\CheckLangBehavior [ RunTime:0.000815s ]
INFO: [ app_begin ] --END-- [ RunTime:0.001615s ]
NOTIC: [8] Undefined index: url C:\wamp\www\senmiao\application\Common\Controller\AppframeController.class.php 第 43 行.

[ 2015-07-04T02:03:55+08:00 ] ::1 /senmiao/index.php/user/index/is_login
INFO: [ app_begin ] --START--
INFO: Run Behavior\ReadHtmlCacheBehavior [ RunTime:0.000529s ]
INFO: Run Behavior\CheckLangBehavior [ RunTime:0.000948s ]
INFO: [ app_begin ] --END-- [ RunTime:0.001867s ]
NOTIC: [8] Undefined index: url C:\wamp\www\senmiao\application\Common\Controller\AppframeController.class.php 第 43 行.

[ 2015-07-04T02:04:01+08:00 ] ::1 /senmiao/index.php/user/index/is_login
INFO: [ app_begin ] --START--
INFO: Run Behavior\ReadHtmlCacheBehavior [ RunTime:0.000577s ]
INFO: Run Behavior\CheckLangBehavior [ RunTime:0.001056s ]
INFO: [ app_begin ] --END-- [ RunTime:0.002098s ]
NOTIC: [8] Undefined index: url C:\wamp\www\senmiao\application\Common\Controller\AppframeController.class.php 第 43 行.

[ 2015-07-04T02:04:04+08:00 ] ::1 /senmiao/index.php/user/index/is_login
INFO: [ app_begin ] --START--
INFO: Run Behavior\ReadHtmlCacheBehavior [ RunTime:0.000505s ]
INFO: Run Behavior\CheckLangBehavior [ RunTime:0.000867s ]
INFO: [ app_begin ] --END-- [ RunTime:0.001779s ]
NOTIC: [8] Undefined index: url C:\wamp\www\senmiao\application\Common\Controller\AppframeController.class.php 第 43 行.

[ 2015-07-04T02:04:44+08:00 ] ::1 /senmiao/index.php/user/index/is_login
INFO: [ app_begin ] --START--
INFO: Run Behavior\ReadHtmlCacheBehavior [ RunTime:0.000525s ]
INFO: Run Behavior\CheckLangBehavior [ RunTime:0.000909s ]
INFO: [ app_begin ] --END-- [ RunTime:0.001819s ]
NOTIC: [8] Undefined index: url C:\wamp\www\senmiao\application\Common\Controller\AppframeController.class.php 第 43 行.

[ 2015-07-04T02:05:13+08:00 ] ::1 /senmiao/index.php/user/index/is_login
INFO: [ app_begin ] --START--
INFO: Run Behavior\ReadHtmlCacheBehavior [ RunTime:0.000644s ]
INFO: Run Behavior\CheckLangBehavior [ RunTime:0.000884s ]
INFO: [ app_begin ] --END-- [ RunTime:0.002085s ]
NOTIC: [8] Undefined index: url C:\wamp\www\senmiao\application\Common\Controller\AppframeController.class.php 第 43 行.

[ 2015-07-04T02:05:24+08:00 ] ::1 /senmiao/index.php/user/index/is_login
INFO: [ app_begin ] --START--
INFO: Run Behavior\ReadHtmlCacheBehavior [ RunTime:0.000571s ]
INFO: Run Behavior\CheckLangBehavior [ RunTime:0.001004s ]
INFO: [ app_begin ] --END-- [ RunTime:0.002002s ]
NOTIC: [8] Undefined index: url C:\wamp\www\senmiao\application\Common\Controller\AppframeController.class.php 第 43 行.

[ 2015-07-04T02:05:33+08:00 ] ::1 /senmiao/index.php/user/index/is_login
INFO: [ app_begin ] --START--
INFO: Run Behavior\ReadHtmlCacheBehavior [ RunTime:0.000624s ]
INFO: Run Behavior\CheckLangBehavior [ RunTime:0.001065s ]
INFO: [ app_begin ] --END-- [ RunTime:0.002206s ]
NOTIC: [8] Undefined index: url C:\wamp\www\senmiao\application\Common\Controller\AppframeController.class.php 第 43 行.

