[ 2015-06-10T13:51:52+08:00 ] ::1 /senmiao/index.php/user/index/is_login
INFO: [ app_begin ] --START--
INFO: Run Behavior\ReadHtmlCacheBehavior [ RunTime:0.000873s ]
INFO: Run Behavior\CheckLangBehavior [ RunTime:0.002262s ]
INFO: [ app_begin ] --END-- [ RunTime:0.003979s ]
NOTIC: [8] Undefined index: url C:\wamp\www\senmiao\application\Common\Controller\AppframeController.class.php 第 43 行.

[ 2015-06-10T13:54:52+08:00 ] ::1 /senmiao/index.php/user/index/is_login
INFO: [ app_begin ] --START--
INFO: Run Behavior\ReadHtmlCacheBehavior [ RunTime:0.001067s ]
INFO: Run Behavior\CheckLangBehavior [ RunTime:0.001674s ]
INFO: [ app_begin ] --END-- [ RunTime:0.004134s ]
NOTIC: [8] Undefined index: url C:\wamp\www\senmiao\application\Common\Controller\AppframeController.class.php 第 43 行.

[ 2015-06-10T13:55:14+08:00 ] ::1 /senmiao/index.php/user/index/is_login
INFO: [ app_begin ] --START--
INFO: Run Behavior\ReadHtmlCacheBehavior [ RunTime:0.000750s ]
INFO: Run Behavior\CheckLangBehavior [ RunTime:0.001009s ]
INFO: [ app_begin ] --END-- [ RunTime:0.002321s ]
NOTIC: [8] Undefined index: url C:\wamp\www\senmiao\application\Common\Controller\AppframeController.class.php 第 43 行.

[ 2015-06-10T13:57:11+08:00 ] ::1 /senmiao/index.php/user/index/is_login
INFO: [ app_begin ] --START--
INFO: Run Behavior\ReadHtmlCacheBehavior [ RunTime:0.000786s ]
INFO: Run Behavior\CheckLangBehavior [ RunTime:0.002063s ]
INFO: [ app_begin ] --END-- [ RunTime:0.003485s ]
NOTIC: [8] Undefined index: url C:\wamp\www\senmiao\application\Common\Controller\AppframeController.class.php 第 43 行.

[ 2015-06-10T14:02:17+08:00 ] ::1 /senmiao/index.php/user/index/is_login
INFO: [ app_begin ] --START--
INFO: Run Behavior\ReadHtmlCacheBehavior [ RunTime:0.000545s ]
INFO: Run Behavior\CheckLangBehavior [ RunTime:0.000850s ]
INFO: [ app_begin ] --END-- [ RunTime:0.002687s ]
NOTIC: [8] Undefined index: url C:\wamp\www\senmiao\application\Common\Controller\AppframeController.class.php 第 43 行.

[ 2015-06-10T14:02:56+08:00 ] ::1 /senmiao/index.php/user/index/is_login
INFO: [ app_begin ] --START--
INFO: Run Behavior\ReadHtmlCacheBehavior [ RunTime:0.000632s ]
INFO: Run Behavior\CheckLangBehavior [ RunTime:0.001073s ]
INFO: [ app_begin ] --END-- [ RunTime:0.002248s ]
NOTIC: [8] Undefined index: url C:\wamp\www\senmiao\application\Common\Controller\AppframeController.class.php 第 43 行.

[ 2015-06-10T15:45:28+08:00 ] ::1 /senmiao/index.php/user/index/is_login
INFO: [ app_begin ] --START--
INFO: Run Behavior\ReadHtmlCacheBehavior [ RunTime:0.000577s ]
INFO: Run Behavior\CheckLangBehavior [ RunTime:0.001004s ]
INFO: [ app_begin ] --END-- [ RunTime:0.002135s ]
NOTIC: [8] Undefined index: url C:\wamp\www\senmiao\application\Common\Controller\AppframeController.class.php 第 43 行.

[ 2015-06-10T15:45:48+08:00 ] ::1 /senmiao/index.php/user/index/is_login
INFO: [ app_begin ] --START--
INFO: Run Behavior\ReadHtmlCacheBehavior [ RunTime:0.000532s ]
INFO: Run Behavior\CheckLangBehavior [ RunTime:0.001092s ]
INFO: [ app_begin ] --END-- [ RunTime:0.002355s ]
NOTIC: [8] Undefined index: url C:\wamp\www\senmiao\application\Common\Controller\AppframeController.class.php 第 43 行.

[ 2015-06-10T15:46:26+08:00 ] ::1 /senmiao/index.php/user/index/is_login
INFO: [ app_begin ] --START--
INFO: Run Behavior\ReadHtmlCacheBehavior [ RunTime:0.000961s ]
INFO: Run Behavior\CheckLangBehavior [ RunTime:0.001388s ]
INFO: [ app_begin ] --END-- [ RunTime:0.003133s ]
NOTIC: [8] Undefined index: url C:\wamp\www\senmiao\application\Common\Controller\AppframeController.class.php 第 43 行.

[ 2015-06-10T15:47:25+08:00 ] ::1 /senmiao/index.php/user/index/is_login
INFO: [ app_begin ] --START--
INFO: Run Behavior\ReadHtmlCacheBehavior [ RunTime:0.000982s ]
INFO: Run Behavior\CheckLangBehavior [ RunTime:0.001649s ]
INFO: [ app_begin ] --END-- [ RunTime:0.003491s ]
NOTIC: [8] Undefined index: url C:\wamp\www\senmiao\application\Common\Controller\AppframeController.class.php 第 43 行.

